{"logTime": "0727/090649", "correlationVector":"nnodxXgiAgW6fd4LKSRGLO.1","action":"SyncServerConnectionManagerRequest", "result":"SYNC_SERVER_OK", "context":{"environment":"Prod_SoutheastAsia_000j", "migrationStage":"NotStarted", "server":"general0100000Z"}}
{"logTime": "0727/090650", "correlationVector":"2jvxxvQxgf2AldhoZS2J9O","action":"SyncServerConnectionManagerRequest", "result":"SYNC_SERVER_OK", "context":{"environment":"", "migrationStage":"", "server":""}}
{"logTime": "0727/090650", "correlationVector":"nnodxXgiAgW6fd4LKSRGLO","action":"Initial GetUpdates", "result":"", "context":Reason: NEW_CLIENT. cV=nnodxXgiAgW6fd4LKSRGLO}
{"logTime": "0727/090650", "correlationVector":"nnodxXgiAgW6fd4LKSRGLO.2","action":"GetUpdates Response", "result":"Success", "context":Received 1 update(s). cV=nnodxXgiAgW6fd4LKSRGLO.0;server=general0100000Z;cloudType=Consumer;environment=Prod_SoutheastAsia_000j;migrationStage=NotStarted}
{"logTime": "0727/090650", "correlationVector":"hs6OpBsTC/b+l2fQ8Ckh9w","action":"Initial GetUpdates", "result":"", "context":Reason: NEWLY_SUPPORTED_DATATYPE. cV=hs6OpBsTC/b+l2fQ8Ckh9w}
{"logTime": "0727/090650", "correlationVector":"hs6OpBsTC/b+l2fQ8Ckh9w.1","action":"SyncServerConnectionManagerRequest", "result":"SYNC_SERVER_OK", "context":{"environment":"Prod_SoutheastAsia_000j", "migrationStage":"NotStarted", "server":"general03000007"}}
{"logTime": "0727/090650", "correlationVector":"hs6OpBsTC/b+l2fQ8Ckh9w.2","action":"GetUpdates Response", "result":"Success", "context":Received 35 update(s). cV=hs6OpBsTC/b+l2fQ8Ckh9w.0;server=general03000007;cloudType=Consumer;environment=Prod_SoutheastAsia_000j;migrationStage=NotStarted}
{"logTime": "0727/090650", "correlationVector":"pRRzq0J6NS+rBwTgeVj/Mm","action":"Normal GetUpdate request", "result":"", "context":cV=pRRzq0J6NS+rBwTgeVj/Mm
Nudged types: Device Info, User Consents
Refresh requested types: Device Info, User Consents, Send Tab To Self, Encryption Keys}
{"logTime": "0727/090650", "correlationVector":"pRRzq0J6NS+rBwTgeVj/Mm.1","action":"SyncServerConnectionManagerRequest", "result":"SYNC_SERVER_OK", "context":{"environment":"Prod_SoutheastAsia_000j", "migrationStage":"NotStarted", "server":"general03000021"}}
{"logTime": "0727/090650", "correlationVector":"pRRzq0J6NS+rBwTgeVj/Mm.2","action":"GetUpdates Response", "result":"Success", "context":Received 0 update(s). cV=pRRzq0J6NS+rBwTgeVj/Mm.0;server=general03000021;cloudType=Consumer;environment=Prod_SoutheastAsia_000j;migrationStage=NotStarted}
{"logTime": "0727/090650", "correlationVector":"Nb6rr2qKifkrUCTLVw1cne","action":"Commit Request", "result":"", "context":Item count: 2
Contributing types: Device Info, User Consents}
{"logTime": "0727/090650", "correlationVector":"Nb6rr2qKifkrUCTLVw1cne.1","action":"SyncServerConnectionManagerRequest", "result":"SYNC_SERVER_OK", "context":{"environment":"Prod_SoutheastAsia_000j", "migrationStage":"NotStarted", "server":"general03000001"}}
{"logTime": "0727/090650", "correlationVector":"Nb6rr2qKifkrUCTLVw1cne.2","action":"Commit Response", "result":"Success", "context":Result: Success. cV=Nb6rr2qKifkrUCTLVw1cne.0;server=general03000001;cloudType=Consumer;environment=Prod_SoutheastAsia_000j;migrationStage=NotStarted}
{"logTime": "0727/090650", "correlationVector":"D3OmsPajUT2vRfd0wZVgaC","action":"Normal GetUpdate request", "result":"", "context":cV=D3OmsPajUT2vRfd0wZVgaC
Nudged types: Device Info}
{"logTime": "0727/090650", "correlationVector":"D3OmsPajUT2vRfd0wZVgaC.1","action":"SyncServerConnectionManagerRequest", "result":"SYNC_SERVER_OK", "context":{"environment":"Prod_SoutheastAsia_000j", "migrationStage":"NotStarted", "server":"general0300001M"}}
{"logTime": "0727/090650", "correlationVector":"D3OmsPajUT2vRfd0wZVgaC.2","action":"GetUpdates Response", "result":"Success", "context":Received 1 update(s). cV=D3OmsPajUT2vRfd0wZVgaC.0;server=general0300001M;cloudType=Consumer;environment=Prod_SoutheastAsia_000j;migrationStage=NotStarted}
{"logTime": "0727/090650", "correlationVector":"OGjFRQ1cidW37J4mrlNwq6","action":"DoCompareDataConsistency requsted types: ", "result":"Send Tab To Self, Encryption Keys"}
{"logTime": "0727/090650", "correlationVector":"OGjFRQ1cidW37J4mrlNwq6.0","action":"CompareDataConsistency result: ", "result":"Compare result: Encryption Keys is consistent. local entities count is: 1 local entities hash is: Y5an0e5j15XYfaLL8u/7uNXtV5U="}
{"logTime": "0727/090650", "correlationVector":"OGjFRQ1cidW37J4mrlNwq6.1","action":"CompareDataConsistency result: ", "result":"Server did not send this Send Tab To Self local entities count is: 0 local entities hash is: "}
{"logTime": "0727/090650", "correlationVector":"","action":"DIAGNOSTIC_REQUEST|v1/diagnosticData/Diagnostic.SendCheckResult()|SUCCESS", "result":""}
{"logTime": "0727/090650", "correlationVector":"","action":"SyncDiagnosticRequest::ProcessDiagnosticResponse", "result":"DIAGNOSTIC_REQUEST|v1/diagnosticData/Diagnostic.SendCheckResult()|SUCCESS"}
{"logTime": "0727/092059", "correlationVector":"+3IpVs1JJ7CHQDkx6riqDN.1","action":"SyncServerConnectionManagerRequest", "result":"SYNC_SERVER_OK", "context":{"environment":"Prod_SoutheastAsia_000j", "migrationStage":"NotStarted", "server":"general0100000Z"}}
{"logTime": "0727/092059", "correlationVector":"q5aZPkJ6RVlTEtFJooqzAI","action":"SyncServerConnectionManagerRequest", "result":"SYNC_SERVER_OK", "context":{"environment":"", "migrationStage":"", "server":""}}
{"logTime": "0727/092059", "correlationVector":"+3IpVs1JJ7CHQDkx6riqDN","action":"Initial GetUpdates", "result":"", "context":Reason: NEW_CLIENT. cV=+3IpVs1JJ7CHQDkx6riqDN}
{"logTime": "0727/092059", "correlationVector":"+3IpVs1JJ7CHQDkx6riqDN.2","action":"GetUpdates Response", "result":"Success", "context":Received 1 update(s). cV=+3IpVs1JJ7CHQDkx6riqDN.0;server=general0100000Z;cloudType=Consumer;environment=Prod_SoutheastAsia_000j;migrationStage=NotStarted}
{"logTime": "0727/092059", "correlationVector":"lOJjdMFn8u48u6y0b4f/ec","action":"Normal GetUpdate request", "result":"", "context":cV=lOJjdMFn8u48u6y0b4f/ec
Refresh requested types: Device Info, User Consents, Send Tab To Self, Encryption Keys}
{"logTime": "0727/092059", "correlationVector":"lOJjdMFn8u48u6y0b4f/ec.1","action":"SyncServerConnectionManagerRequest", "result":"SYNC_SERVER_OK", "context":{"environment":"Prod_SoutheastAsia_000j", "migrationStage":"NotStarted", "server":"general03000006"}}
{"logTime": "0727/092059", "correlationVector":"lOJjdMFn8u48u6y0b4f/ec.2","action":"GetUpdates Response", "result":"Success", "context":Received 0 update(s). cV=lOJjdMFn8u48u6y0b4f/ec.0;server=general03000006;cloudType=Consumer;environment=Prod_SoutheastAsia_000j;migrationStage=NotStarted}
{"logTime": "0727/092059", "correlationVector":"8HE4iMo25XXOL85BRGMgGI","action":"DoCompareDataConsistency requsted types: ", "result":"Send Tab To Self, Encryption Keys"}
{"logTime": "0727/092059", "correlationVector":"8HE4iMo25XXOL85BRGMgGI.0","action":"CompareDataConsistency result: ", "result":"Compare result: Encryption Keys is consistent. local entities count is: 1 local entities hash is: Y5an0e5j15XYfaLL8u/7uNXtV5U="}
{"logTime": "0727/092059", "correlationVector":"8HE4iMo25XXOL85BRGMgGI.1","action":"CompareDataConsistency result: ", "result":"Server did not send this Send Tab To Self local entities count is: 0 local entities hash is: "}
{"logTime": "0727/092059", "correlationVector":"","action":"DIAGNOSTIC_REQUEST|v1/diagnosticData/Diagnostic.SendCheckResult()|SUCCESS", "result":""}
{"logTime": "0727/092059", "correlationVector":"","action":"SyncDiagnosticRequest::ProcessDiagnosticResponse", "result":"DIAGNOSTIC_REQUEST|v1/diagnosticData/Diagnostic.SendCheckResult()|SUCCESS"}
{"logTime": "0727/092549", "correlationVector":"rTIHw0FmXa8WQbD5Sd5Opj","action":"Normal GetUpdate request", "result":"", "context":cV=rTIHw0FmXa8WQbD5Sd5Opj
Refresh requested types: Device Info, User Consents, Send Tab To Self, Encryption Keys}
{"logTime": "0727/092550", "correlationVector":"rTIHw0FmXa8WQbD5Sd5Opj.1","action":"SyncServerConnectionManagerRequest", "result":"SYNC_SERVER_OK", "context":{"environment":"Prod_SoutheastAsia_000j", "migrationStage":"NotStarted", "server":"general0300000O"}}
{"logTime": "0727/092550", "correlationVector":"rTIHw0FmXa8WQbD5Sd5Opj.2","action":"GetUpdates Response", "result":"Success", "context":Received 0 update(s). cV=rTIHw0FmXa8WQbD5Sd5Opj.0;server=general0300000O;cloudType=Consumer;environment=Prod_SoutheastAsia_000j;migrationStage=NotStarted}
{"logTime": "0728/092328", "correlationVector":"fHiI5guoWtNXZzP50sNiaX.1","action":"SyncServerConnectionManagerRequest", "result":"SYNC_SERVER_OK", "context":{"environment":"Prod_SoutheastAsia_000j", "migrationStage":"NotStarted", "server":"general0100001J"}}
{"logTime": "0728/092329", "correlationVector":"5CtVW5gxraeRORu00kdx/v","action":"SyncServerConnectionManagerRequest", "result":"SYNC_SERVER_OK", "context":{"environment":"", "migrationStage":"", "server":""}}
{"logTime": "0728/092329", "correlationVector":"fHiI5guoWtNXZzP50sNiaX","action":"Initial GetUpdates", "result":"", "context":Reason: NEW_CLIENT. cV=fHiI5guoWtNXZzP50sNiaX}
{"logTime": "0728/092329", "correlationVector":"fHiI5guoWtNXZzP50sNiaX.2","action":"GetUpdates Response", "result":"Success", "context":Received 1 update(s). cV=fHiI5guoWtNXZzP50sNiaX.0;server=general0100001J;cloudType=Consumer;environment=Prod_SoutheastAsia_000j;migrationStage=NotStarted}
{"logTime": "0728/092329", "correlationVector":"1LOy76yKmWlwNZf5t8xKU0","action":"Normal GetUpdate request", "result":"", "context":cV=1LOy76yKmWlwNZf5t8xKU0
Nudged types: Device Info
Refresh requested types: Device Info, User Consents, Send Tab To Self, Encryption Keys}
{"logTime": "0728/092329", "correlationVector":"1LOy76yKmWlwNZf5t8xKU0.1","action":"SyncServerConnectionManagerRequest", "result":"SYNC_SERVER_OK", "context":{"environment":"Prod_SoutheastAsia_000j", "migrationStage":"NotStarted", "server":"general0100001I"}}
{"logTime": "0728/092329", "correlationVector":"1LOy76yKmWlwNZf5t8xKU0.2","action":"GetUpdates Response", "result":"Success", "context":Received 1 update(s). cV=1LOy76yKmWlwNZf5t8xKU0.0;server=general0100001I;cloudType=Consumer;environment=Prod_SoutheastAsia_000j;migrationStage=NotStarted}
{"logTime": "0728/092329", "correlationVector":"GTgtqnkR8eMUuCu0k0dCjW","action":"Commit Request", "result":"", "context":Item count: 1
Contributing types: Device Info}
{"logTime": "0728/092330", "correlationVector":"GTgtqnkR8eMUuCu0k0dCjW.1","action":"SyncServerConnectionManagerRequest", "result":"SYNC_SERVER_OK", "context":{"environment":"Prod_SoutheastAsia_000j", "migrationStage":"NotStarted", "server":"general0300001L"}}
{"logTime": "0728/092330", "correlationVector":"GTgtqnkR8eMUuCu0k0dCjW.2","action":"Commit Response", "result":"Success", "context":Result: Success. cV=GTgtqnkR8eMUuCu0k0dCjW.0;server=general0300001L;cloudType=Consumer;environment=Prod_SoutheastAsia_000j;migrationStage=NotStarted}
{"logTime": "0728/092330", "correlationVector":"AKGugKryyPJQKx5agLOekg","action":"Normal GetUpdate request", "result":"", "context":cV=AKGugKryyPJQKx5agLOekg
Nudged types: Device Info}
{"logTime": "0728/092330", "correlationVector":"AKGugKryyPJQKx5agLOekg.1","action":"SyncServerConnectionManagerRequest", "result":"SYNC_SERVER_OK", "context":{"environment":"Prod_SoutheastAsia_000j", "migrationStage":"NotStarted", "server":"general0100000L"}}
{"logTime": "0728/092330", "correlationVector":"AKGugKryyPJQKx5agLOekg.2","action":"GetUpdates Response", "result":"Success", "context":Received 1 update(s). cV=AKGugKryyPJQKx5agLOekg.0;server=general0100000L;cloudType=Consumer;environment=Prod_SoutheastAsia_000j;migrationStage=NotStarted}
{"logTime": "0728/092330", "correlationVector":"b20SIAsao6CBZg3hHVy388","action":"Poll GetUpdate request", "result":"", "context":cV=b20SIAsao6CBZg3hHVy388}
{"logTime": "0728/092331", "correlationVector":"b20SIAsao6CBZg3hHVy388.1","action":"SyncServerConnectionManagerRequest", "result":"SYNC_SERVER_OK", "context":{"environment":"Prod_SoutheastAsia_000j", "migrationStage":"NotStarted", "server":"general0300000J"}}
{"logTime": "0728/092331", "correlationVector":"b20SIAsao6CBZg3hHVy388.2","action":"GetUpdates Response", "result":"Success", "context":Received 0 update(s). cV=b20SIAsao6CBZg3hHVy388.0;server=general0300000J;cloudType=Consumer;environment=Prod_SoutheastAsia_000j;migrationStage=NotStarted}
{"logTime": "0728/092331", "correlationVector":"rhV1u+yAbUN5TBoaOAFKDQ","action":"DoCompareDataConsistency requsted types: ", "result":"Send Tab To Self, Encryption Keys"}
{"logTime": "0728/092331", "correlationVector":"rhV1u+yAbUN5TBoaOAFKDQ.0","action":"CompareDataConsistency result: ", "result":"Compare result: Encryption Keys is consistent. local entities count is: 1 local entities hash is: Y5an0e5j15XYfaLL8u/7uNXtV5U="}
{"logTime": "0728/092331", "correlationVector":"rhV1u+yAbUN5TBoaOAFKDQ.1","action":"CompareDataConsistency result: ", "result":"Server did not send this Send Tab To Self local entities count is: 0 local entities hash is: "}
{"logTime": "0728/092331", "correlationVector":"","action":"DIAGNOSTIC_REQUEST|v1/diagnosticData/Diagnostic.SendCheckResult()|SUCCESS", "result":""}
{"logTime": "0728/092826", "correlationVector":"Kir89NJvwxo0EDZGlVYnGo","action":"Normal GetUpdate request", "result":"", "context":cV=Kir89NJvwxo0EDZGlVYnGo
Refresh requested types: Device Info, User Consents, Send Tab To Self, Encryption Keys}
{"logTime": "0728/092827", "correlationVector":"Kir89NJvwxo0EDZGlVYnGo.1","action":"SyncServerConnectionManagerRequest", "result":"SYNC_SERVER_OK", "context":{"environment":"Prod_SoutheastAsia_000j", "migrationStage":"NotStarted", "server":"general01000003"}}
{"logTime": "0728/092827", "correlationVector":"Kir89NJvwxo0EDZGlVYnGo.2","action":"GetUpdates Response", "result":"Success", "context":Received 0 update(s). cV=Kir89NJvwxo0EDZGlVYnGo.0;server=general01000003;cloudType=Consumer;environment=Prod_SoutheastAsia_000j;migrationStage=NotStarted}
{"logTime": "0729/085421", "correlationVector":"AzBcFBrD0ocdrRFTgCbV9h.1","action":"SyncServerConnectionManagerRequest", "result":"SYNC_SERVER_OK", "context":{"environment":"Prod_SoutheastAsia_000j", "migrationStage":"NotStarted", "server":"general0300000L"}}
{"logTime": "0729/085422", "correlationVector":"T3Dja3BKfG++V86lZNjZ61","action":"SyncServerConnectionManagerRequest", "result":"SYNC_SERVER_OK", "context":{"environment":"", "migrationStage":"", "server":""}}
{"logTime": "0729/085422", "correlationVector":"AzBcFBrD0ocdrRFTgCbV9h","action":"Initial GetUpdates", "result":"", "context":Reason: NEW_CLIENT. cV=AzBcFBrD0ocdrRFTgCbV9h}
{"logTime": "0729/085422", "correlationVector":"AzBcFBrD0ocdrRFTgCbV9h.2","action":"GetUpdates Response", "result":"Success", "context":Received 1 update(s). cV=AzBcFBrD0ocdrRFTgCbV9h.0;server=general0300000L;cloudType=Consumer;environment=Prod_SoutheastAsia_000j;migrationStage=NotStarted}
{"logTime": "0729/085422", "correlationVector":"v0+yTTGf1THsgVa4jfuspf","action":"Normal GetUpdate request", "result":"", "context":cV=v0+yTTGf1THsgVa4jfuspf
Refresh requested types: Device Info, User Consents, Send Tab To Self, Encryption Keys}
{"logTime": "0729/085422", "correlationVector":"v0+yTTGf1THsgVa4jfuspf.1","action":"SyncServerConnectionManagerRequest", "result":"SYNC_SERVER_OK", "context":{"environment":"Prod_SoutheastAsia_000j", "migrationStage":"NotStarted", "server":"general0100000B"}}
{"logTime": "0729/085422", "correlationVector":"v0+yTTGf1THsgVa4jfuspf.2","action":"GetUpdates Response", "result":"Success", "context":Received 1 update(s). cV=v0+yTTGf1THsgVa4jfuspf.0;server=general0100000B;cloudType=Consumer;environment=Prod_SoutheastAsia_000j;migrationStage=NotStarted}
{"logTime": "0729/085422", "correlationVector":"9oLu7603b6YqPacGYXKV6s","action":"Poll GetUpdate request", "result":"", "context":cV=9oLu7603b6YqPacGYXKV6s}
{"logTime": "0729/085423", "correlationVector":"9oLu7603b6YqPacGYXKV6s.1","action":"SyncServerConnectionManagerRequest", "result":"SYNC_SERVER_OK", "context":{"environment":"Prod_SoutheastAsia_000j", "migrationStage":"NotStarted", "server":"general0300000N"}}
{"logTime": "0729/085423", "correlationVector":"9oLu7603b6YqPacGYXKV6s.2","action":"GetUpdates Response", "result":"Success", "context":Received 0 update(s). cV=9oLu7603b6YqPacGYXKV6s.0;server=general0300000N;cloudType=Consumer;environment=Prod_SoutheastAsia_000j;migrationStage=NotStarted}
{"logTime": "0729/085920", "correlationVector":"CztNGzl0eGXSfDCljlszrn","action":"Normal GetUpdate request", "result":"", "context":cV=CztNGzl0eGXSfDCljlszrn
Refresh requested types: Device Info, User Consents, Send Tab To Self, Encryption Keys}
{"logTime": "0729/085921", "correlationVector":"CztNGzl0eGXSfDCljlszrn.1","action":"SyncServerConnectionManagerRequest", "result":"SYNC_SERVER_OK", "context":{"environment":"Prod_SoutheastAsia_000j", "migrationStage":"NotStarted", "server":"general0300000J"}}
{"logTime": "0729/085921", "correlationVector":"CztNGzl0eGXSfDCljlszrn.2","action":"GetUpdates Response", "result":"Success", "context":Received 0 update(s). cV=CztNGzl0eGXSfDCljlszrn.0;server=general0300000J;cloudType=Consumer;environment=Prod_SoutheastAsia_000j;migrationStage=NotStarted}
{"logTime": "0729/092318", "correlationVector":"oj9VftWWUvUXa1XKBdchag","action":"Commit Request", "result":"", "context":Item count: 1
Contributing types: Device Info}
{"logTime": "0729/092319", "correlationVector":"oj9VftWWUvUXa1XKBdchag.1","action":"SyncServerConnectionManagerRequest", "result":"SYNC_SERVER_OK", "context":{"environment":"Prod_SoutheastAsia_000j", "migrationStage":"NotStarted", "server":"general01000010"}}
{"logTime": "0729/092319", "correlationVector":"oj9VftWWUvUXa1XKBdchag.2","action":"Commit Response", "result":"Success", "context":Result: Success. cV=oj9VftWWUvUXa1XKBdchag.0;server=general01000010;cloudType=Consumer;environment=Prod_SoutheastAsia_000j;migrationStage=NotStarted}
